<?xml version="1.0" encoding="UTF-8"?>
<!-- Generated by org.testng.reporters.JUnitReportReporter -->
<testsuite hostname="rvdSandt" failures="0" tests="8" name="petStore.TestRunner" time="50.020" errors="0" timestamp="2025-01-03T14:41:19 WET" skipped="0">
  <testcase classname="petStore.TestRunner" name="runScenario" time="7.374"/>
  <system-out/>
  <testcase classname="petStore.TestRunner" name="runScenario" time="8.502"/>
  <system-out/>
  <testcase classname="petStore.TestRunner" name="runScenario" time="5.638"/>
  <system-out/>
  <testcase classname="petStore.TestRunner" name="runScenario" time="9.084"/>
  <system-out/>
  <testcase classname="petStore.TestRunner" name="runScenario" time="6.851"/>
  <system-out/>
  <testcase classname="petStore.TestRunner" name="runScenario" time="4.445"/>
  <system-out/>
  <testcase classname="petStore.TestRunner" name="runScenario" time="3.210"/>
  <system-out/>
  <testcase classname="petStore.TestRunner" name="runScenario" time="4.916"/>
  <system-out/>
</testsuite> <!-- petStore.TestRunner -->
